2023-04-02 01:05:05 - HikariPool-1 - Thread starvation or clock leap detected (housekeeper delta=24m19s372ms).
2023-04-02 01:21:44 - HikariPool-1 - Thread starvation or clock leap detected (housekeeper delta=15m39s740ms).
2023-04-02 01:51:51 - HikariPool-1 - Thread starvation or clock leap detected (housekeeper delta=30m6s471ms).
2023-04-02 04:04:47 - HikariPool-1 - Thread starvation or clock leap detected (housekeeper delta=2h26s236ms).
2023-04-02 06:20:13 - HikariPool-1 - Thread starvation or clock leap detected (housekeeper delta=2h25s822ms).
2023-04-02 08:36:39 - HikariPool-1 - Thread starvation or clock leap detected (housekeeper delta=2h25s726ms).
2023-04-02 09:13:14 - HikariPool-1 - Thread starvation or clock leap detected (housekeeper delta=20m34s727ms).
2023-04-02 09:50:10 - HikariPool-1 - Thread starvation or clock leap detected (housekeeper delta=26m55s729ms).
2023-04-02 09:51:40 - HikariPool-1 - Retrograde clock change detected (housekeeper delta=29s707ms), soft-evicting connections from pool.
2023-04-02 10:30:53 - HikariPool-1 - Thread starvation or clock leap detected (housekeeper delta=27m13s99ms).
2023-04-02 11:54:05 - Closing JPA EntityManagerFactory for persistence unit 'default'
2023-04-02 11:54:05 - HikariPool-1 - Shutdown initiated...
2023-04-02 11:54:05 - HikariPool-1 - Shutdown completed.
2023-04-02 11:54:21 - Starting GullBozorApplication using Java 19.0.1 on MacBooks-MacBook-Pro.local with PID 4539 (/Users/macbookpro/Desktop/AIWORK11-master 2/target/classes started by macbookpro in /Users/macbookpro/Desktop/AIWORK11-master 2)
2023-04-02 11:54:21 - The following 1 profile is active: "dev"
2023-04-02 11:54:22 - Bootstrapping Spring Data JPA repositories in DEFAULT mode.
2023-04-02 11:54:22 - Finished Spring Data repository scanning in 83 ms. Found 28 JPA repository interfaces.
2023-04-02 11:54:22 - Tomcat initialized with port(s): 8081 (http)
2023-04-02 11:54:22 - Starting service [Tomcat]
2023-04-02 11:54:22 - Starting Servlet engine: [Apache Tomcat/9.0.62]
2023-04-02 11:54:23 - At least one JAR was scanned for TLDs yet contained no TLDs. Enable debug logging for this logger for a complete list of JARs that were scanned but no TLDs were found in them. Skipping unneeded JARs during scanning can improve startup time and JSP compilation time.
2023-04-02 11:54:23 - Initializing Spring embedded WebApplicationContext
2023-04-02 11:54:23 - Root WebApplicationContext: initialization completed in 1763 ms
2023-04-02 11:54:23 - HikariPool-1 - Starting...
2023-04-02 11:54:23 - HikariPool-1 - Start completed.
2023-04-02 11:54:25 - Initialized JPA EntityManagerFactory for persistence unit 'default'
2023-04-02 11:54:25 - spring.jpa.open-in-view is enabled by default. Therefore, database queries may be performed during view rendering. Explicitly configure spring.jpa.open-in-view to disable this warning
2023-04-02 11:54:25 - Unable to proxy interface-implementing method [public final void org.springframework.web.filter.OncePerRequestFilter.doFilter(javax.servlet.ServletRequest,javax.servlet.ServletResponse,javax.servlet.FilterChain) throws javax.servlet.ServletException,java.io.IOException] because it is marked as final: Consider using interface-based JDK proxies instead!
2023-04-02 11:54:25 - Unable to proxy interface-implementing method [public final void org.springframework.web.filter.GenericFilterBean.init(javax.servlet.FilterConfig) throws javax.servlet.ServletException] because it is marked as final: Consider using interface-based JDK proxies instead!
2023-04-02 11:54:26 - Will secure any request with [org.springframework.security.web.context.request.async.WebAsyncManagerIntegrationFilter@5066a895, org.springframework.security.web.context.SecurityContextPersistenceFilter@58cd7486, org.springframework.security.web.header.HeaderWriterFilter@27131d01, org.springframework.security.web.authentication.logout.LogoutFilter@54a332e4, uz.gullbozor.gullbozor.security.JwtFilter@ac71bd7, org.springframework.security.web.savedrequest.RequestCacheAwareFilter@42f15e87, org.springframework.security.web.servletapi.SecurityContextHolderAwareRequestFilter@4b87ea3c, org.springframework.security.web.authentication.AnonymousAuthenticationFilter@50fbb66a, org.springframework.security.web.session.SessionManagementFilter@7a337217, org.springframework.security.web.access.ExceptionTranslationFilter@7fef485d, org.springframework.security.web.access.intercept.FilterSecurityInterceptor@6cad2d5f]
2023-04-02 11:54:26 - Mapped URL path [/v2/api-docs] onto method [springfox.documentation.swagger2.web.Swagger2Controller#getDocumentation(String, HttpServletRequest)]
2023-04-02 11:54:27 - Tomcat started on port(s): 8081 (http) with context path ''
2023-04-02 11:54:27 - Context refreshed
2023-04-02 11:54:27 - Found 1 custom documentation plugin(s)
2023-04-02 11:54:27 - Scanning for api listing references
2023-04-02 11:54:27 - Generating unique operation named: getBodyUsingGET_1
2023-04-02 11:54:27 - Generating unique operation named: getHeadOneUsingGET_1
2023-04-02 11:54:27 - Generating unique operation named: getHeadTwoUsingGET_1
2023-04-02 11:54:27 - Generating unique operation named: checkPhoneNumberUsingPOST_1
2023-04-02 11:54:27 - Generating unique operation named: editCityUsingPUT_1
2023-04-02 11:54:27 - Generating unique operation named: getCityListUsingGET_1
2023-04-02 11:54:27 - Generating unique operation named: checkPhoneNumberUsingPOST_2
2023-04-02 11:54:27 - Generating unique operation named: getAllUsingGET_1
2023-04-02 11:54:27 - Generating unique operation named: registerUsingPOST_1
2023-04-02 11:54:27 - Generating unique operation named: deleteByIdUsingDELETE_1
2023-04-02 11:54:27 - Generating unique operation named: deleteRegionByIdUsingDELETE_1
2023-04-02 11:54:27 - Generating unique operation named: deleteByIdUsingDELETE_2
2023-04-02 11:54:27 - Generating unique operation named: deleteByIdUsingDELETE_3
2023-04-02 11:54:27 - Started GullBozorApplication in 6.692 seconds (JVM running for 12.364)
2023-04-02 12:01:34 - Initializing Spring DispatcherServlet 'dispatcherServlet'
2023-04-02 12:02:35 - HikariPool-1 - Thread starvation or clock leap detected (housekeeper delta=1m11s433ms).
2023-04-02 12:30:06 - HikariPool-1 - Thread starvation or clock leap detected (housekeeper delta=14m59s855ms).
2023-04-02 13:15:50 - Closing JPA EntityManagerFactory for persistence unit 'default'
2023-04-02 13:15:50 - HikariPool-1 - Shutdown initiated...
2023-04-02 13:15:50 - HikariPool-1 - Shutdown completed.
2023-04-02 13:16:07 - Starting GullBozorApplication using Java 19.0.1 on MacBooks-MacBook-Pro.local with PID 5156 (/Users/macbookpro/Desktop/AIWORK11-master 2/target/classes started by macbookpro in /Users/macbookpro/Desktop/AIWORK11-master 2)
2023-04-02 13:16:07 - The following 1 profile is active: "dev"
2023-04-02 13:16:08 - Bootstrapping Spring Data JPA repositories in DEFAULT mode.
2023-04-02 13:16:08 - Finished Spring Data repository scanning in 82 ms. Found 28 JPA repository interfaces.
2023-04-02 13:16:09 - Tomcat initialized with port(s): 8081 (http)
2023-04-02 13:16:09 - Starting service [Tomcat]
2023-04-02 13:16:09 - Starting Servlet engine: [Apache Tomcat/9.0.62]
2023-04-02 13:16:09 - At least one JAR was scanned for TLDs yet contained no TLDs. Enable debug logging for this logger for a complete list of JARs that were scanned but no TLDs were found in them. Skipping unneeded JARs during scanning can improve startup time and JSP compilation time.
2023-04-02 13:16:09 - Initializing Spring embedded WebApplicationContext
2023-04-02 13:16:09 - Root WebApplicationContext: initialization completed in 1665 ms
2023-04-02 13:16:10 - HikariPool-1 - Starting...
2023-04-02 13:16:10 - HikariPool-1 - Start completed.
2023-04-02 13:16:11 - Initialized JPA EntityManagerFactory for persistence unit 'default'
2023-04-02 13:16:11 - spring.jpa.open-in-view is enabled by default. Therefore, database queries may be performed during view rendering. Explicitly configure spring.jpa.open-in-view to disable this warning
2023-04-02 13:16:11 - Unable to proxy interface-implementing method [public final void org.springframework.web.filter.OncePerRequestFilter.doFilter(javax.servlet.ServletRequest,javax.servlet.ServletResponse,javax.servlet.FilterChain) throws javax.servlet.ServletException,java.io.IOException] because it is marked as final: Consider using interface-based JDK proxies instead!
2023-04-02 13:16:11 - Unable to proxy interface-implementing method [public final void org.springframework.web.filter.GenericFilterBean.init(javax.servlet.FilterConfig) throws javax.servlet.ServletException] because it is marked as final: Consider using interface-based JDK proxies instead!
2023-04-02 13:16:13 - Will secure any request with [org.springframework.security.web.context.request.async.WebAsyncManagerIntegrationFilter@75ee63f2, org.springframework.security.web.context.SecurityContextPersistenceFilter@60a54ad2, org.springframework.security.web.header.HeaderWriterFilter@1080234b, org.springframework.security.web.authentication.logout.LogoutFilter@3b0b20a8, uz.gullbozor.gullbozor.security.JwtFilter@1e11d73c, org.springframework.security.web.savedrequest.RequestCacheAwareFilter@597ef918, org.springframework.security.web.servletapi.SecurityContextHolderAwareRequestFilter@13b012, org.springframework.security.web.authentication.AnonymousAuthenticationFilter@4dd11699, org.springframework.security.web.session.SessionManagementFilter@15c27b65, org.springframework.security.web.access.ExceptionTranslationFilter@4170ee0f, org.springframework.security.web.access.intercept.FilterSecurityInterceptor@3ae648d2]
2023-04-02 13:16:13 - Mapped URL path [/v2/api-docs] onto method [springfox.documentation.swagger2.web.Swagger2Controller#getDocumentation(String, HttpServletRequest)]
2023-04-02 13:16:13 - Tomcat started on port(s): 8081 (http) with context path ''
2023-04-02 13:16:13 - Context refreshed
2023-04-02 13:16:13 - Found 1 custom documentation plugin(s)
2023-04-02 13:16:13 - Scanning for api listing references
2023-04-02 13:16:13 - Generating unique operation named: getBodyUsingGET_1
2023-04-02 13:16:13 - Generating unique operation named: getHeadOneUsingGET_1
2023-04-02 13:16:13 - Generating unique operation named: getHeadTwoUsingGET_1
2023-04-02 13:16:13 - Generating unique operation named: checkPhoneNumberUsingPOST_1
2023-04-02 13:16:13 - Generating unique operation named: editCityUsingPUT_1
2023-04-02 13:16:13 - Generating unique operation named: getCityListUsingGET_1
2023-04-02 13:16:13 - Generating unique operation named: checkPhoneNumberUsingPOST_2
2023-04-02 13:16:13 - Generating unique operation named: getAllUsingGET_1
2023-04-02 13:16:13 - Generating unique operation named: registerUsingPOST_1
2023-04-02 13:16:13 - Generating unique operation named: deleteByIdUsingDELETE_1
2023-04-02 13:16:13 - Generating unique operation named: deleteRegionByIdUsingDELETE_1
2023-04-02 13:16:13 - Generating unique operation named: deleteByIdUsingDELETE_2
2023-04-02 13:16:13 - Generating unique operation named: deleteByIdUsingDELETE_3
2023-04-02 13:16:13 - Started GullBozorApplication in 6.455 seconds (JVM running for 12.387)
2023-04-02 13:20:42 - Initializing Spring DispatcherServlet 'dispatcherServlet'
2023-04-02 13:24:13 - HikariPool-1 - Thread starvation or clock leap detected (housekeeper delta=1m32s252ms).
2023-04-02 13:24:13 - Closing JPA EntityManagerFactory for persistence unit 'default'
2023-04-02 13:24:13 - HikariPool-1 - Shutdown initiated...
2023-04-02 13:24:13 - HikariPool-1 - Shutdown completed.
2023-04-02 13:27:11 - Starting GullBozorApplication using Java 19.0.1 on MacBooks-MacBook-Pro.local with PID 5260 (/Users/macbookpro/Desktop/AIWORK11-master 2/target/classes started by macbookpro in /Users/macbookpro/Desktop/AIWORK11-master 2)
2023-04-02 13:27:11 - The following 1 profile is active: "dev"
2023-04-02 13:27:12 - Bootstrapping Spring Data JPA repositories in DEFAULT mode.
2023-04-02 13:27:12 - Finished Spring Data repository scanning in 85 ms. Found 28 JPA repository interfaces.
2023-04-02 13:27:13 - Tomcat initialized with port(s): 8081 (http)
2023-04-02 13:27:13 - Starting service [Tomcat]
2023-04-02 13:27:13 - Starting Servlet engine: [Apache Tomcat/9.0.62]
2023-04-02 13:27:13 - At least one JAR was scanned for TLDs yet contained no TLDs. Enable debug logging for this logger for a complete list of JARs that were scanned but no TLDs were found in them. Skipping unneeded JARs during scanning can improve startup time and JSP compilation time.
2023-04-02 13:27:13 - Initializing Spring embedded WebApplicationContext
2023-04-02 13:27:13 - Root WebApplicationContext: initialization completed in 1726 ms
2023-04-02 13:27:14 - HikariPool-1 - Starting...
2023-04-02 13:27:14 - HikariPool-1 - Start completed.
2023-04-02 13:27:15 - Initialized JPA EntityManagerFactory for persistence unit 'default'
2023-04-02 13:27:15 - spring.jpa.open-in-view is enabled by default. Therefore, database queries may be performed during view rendering. Explicitly configure spring.jpa.open-in-view to disable this warning
2023-04-02 13:27:16 - Unable to proxy interface-implementing method [public final void org.springframework.web.filter.OncePerRequestFilter.doFilter(javax.servlet.ServletRequest,javax.servlet.ServletResponse,javax.servlet.FilterChain) throws javax.servlet.ServletException,java.io.IOException] because it is marked as final: Consider using interface-based JDK proxies instead!
2023-04-02 13:27:16 - Unable to proxy interface-implementing method [public final void org.springframework.web.filter.GenericFilterBean.init(javax.servlet.FilterConfig) throws javax.servlet.ServletException] because it is marked as final: Consider using interface-based JDK proxies instead!
2023-04-02 13:27:17 - Will secure any request with [org.springframework.security.web.context.request.async.WebAsyncManagerIntegrationFilter@6a7a8e1e, org.springframework.security.web.context.SecurityContextPersistenceFilter@2baf2c6, org.springframework.security.web.header.HeaderWriterFilter@1cd50433, org.springframework.security.web.authentication.logout.LogoutFilter@397f3ff5, uz.gullbozor.gullbozor.security.JwtFilter@ac71bd7, org.springframework.security.web.savedrequest.RequestCacheAwareFilter@13b012, org.springframework.security.web.servletapi.SecurityContextHolderAwareRequestFilter@2333333c, org.springframework.security.web.authentication.AnonymousAuthenticationFilter@2eb95662, org.springframework.security.web.session.SessionManagementFilter@1af6cd73, org.springframework.security.web.access.ExceptionTranslationFilter@5034e0c6, org.springframework.security.web.access.intercept.FilterSecurityInterceptor@4c627575]
2023-04-02 13:27:17 - Mapped URL path [/v2/api-docs] onto method [springfox.documentation.swagger2.web.Swagger2Controller#getDocumentation(String, HttpServletRequest)]
2023-04-02 13:27:17 - Tomcat started on port(s): 8081 (http) with context path ''
2023-04-02 13:27:17 - Context refreshed
2023-04-02 13:27:17 - Found 1 custom documentation plugin(s)
2023-04-02 13:27:17 - Scanning for api listing references
2023-04-02 13:27:17 - Generating unique operation named: getBodyUsingGET_1
2023-04-02 13:27:17 - Generating unique operation named: getHeadOneUsingGET_1
2023-04-02 13:27:17 - Generating unique operation named: getHeadTwoUsingGET_1
2023-04-02 13:27:17 - Generating unique operation named: checkPhoneNumberUsingPOST_1
2023-04-02 13:27:18 - Generating unique operation named: editCityUsingPUT_1
2023-04-02 13:27:18 - Generating unique operation named: getCityListUsingGET_1
2023-04-02 13:27:18 - Generating unique operation named: checkPhoneNumberUsingPOST_2
2023-04-02 13:27:18 - Generating unique operation named: getAllUsingGET_1
2023-04-02 13:27:18 - Generating unique operation named: registerUsingPOST_1
2023-04-02 13:27:18 - Generating unique operation named: deleteByIdUsingDELETE_1
2023-04-02 13:27:18 - Generating unique operation named: deleteRegionByIdUsingDELETE_1
2023-04-02 13:27:18 - Generating unique operation named: deleteByIdUsingDELETE_2
2023-04-02 13:27:18 - Generating unique operation named: deleteByIdUsingDELETE_3
2023-04-02 13:27:18 - Started GullBozorApplication in 6.685 seconds (JVM running for 12.627)
2023-04-02 13:27:34 - Initializing Spring DispatcherServlet 'dispatcherServlet'
2023-04-02 13:28:04 - Closing JPA EntityManagerFactory for persistence unit 'default'
2023-04-02 13:28:04 - HikariPool-1 - Shutdown initiated...
2023-04-02 13:28:04 - HikariPool-1 - Shutdown completed.
2023-04-02 13:43:58 - Starting GullBozorApplication using Java 19.0.1 on MacBooks-MacBook-Pro.local with PID 5416 (/Users/macbookpro/Desktop/AIWORK11-master 2/target/classes started by macbookpro in /Users/macbookpro/Desktop/AIWORK11-master 2)
2023-04-02 13:43:58 - The following 1 profile is active: "dev"
2023-04-02 13:43:59 - Bootstrapping Spring Data JPA repositories in DEFAULT mode.
2023-04-02 13:43:59 - Finished Spring Data repository scanning in 132 ms. Found 28 JPA repository interfaces.
2023-04-02 13:44:00 - Tomcat initialized with port(s): 8081 (http)
2023-04-02 13:44:00 - Starting service [Tomcat]
2023-04-02 13:44:00 - Starting Servlet engine: [Apache Tomcat/9.0.62]
2023-04-02 13:44:00 - At least one JAR was scanned for TLDs yet contained no TLDs. Enable debug logging for this logger for a complete list of JARs that were scanned but no TLDs were found in them. Skipping unneeded JARs during scanning can improve startup time and JSP compilation time.
2023-04-02 13:44:00 - Initializing Spring embedded WebApplicationContext
2023-04-02 13:44:00 - Root WebApplicationContext: initialization completed in 1839 ms
2023-04-02 13:44:01 - HikariPool-1 - Starting...
2023-04-02 13:44:01 - HikariPool-1 - Start completed.
2023-04-02 13:44:02 - Initialized JPA EntityManagerFactory for persistence unit 'default'
2023-04-02 13:44:03 - spring.jpa.open-in-view is enabled by default. Therefore, database queries may be performed during view rendering. Explicitly configure spring.jpa.open-in-view to disable this warning
2023-04-02 13:44:03 - Unable to proxy interface-implementing method [public final void org.springframework.web.filter.OncePerRequestFilter.doFilter(javax.servlet.ServletRequest,javax.servlet.ServletResponse,javax.servlet.FilterChain) throws javax.servlet.ServletException,java.io.IOException] because it is marked as final: Consider using interface-based JDK proxies instead!
2023-04-02 13:44:03 - Unable to proxy interface-implementing method [public final void org.springframework.web.filter.GenericFilterBean.init(javax.servlet.FilterConfig) throws javax.servlet.ServletException] because it is marked as final: Consider using interface-based JDK proxies instead!
2023-04-02 13:44:04 - Will secure any request with [org.springframework.security.web.context.request.async.WebAsyncManagerIntegrationFilter@74efc394, org.springframework.security.web.context.SecurityContextPersistenceFilter@1743c249, org.springframework.security.web.header.HeaderWriterFilter@2822ee4b, org.springframework.security.web.authentication.logout.LogoutFilter@5066a895, uz.gullbozor.gullbozor.security.JwtFilter@73b63917, org.springframework.security.web.savedrequest.RequestCacheAwareFilter@14404be2, org.springframework.security.web.servletapi.SecurityContextHolderAwareRequestFilter@63a6dffd, org.springframework.security.web.authentication.AnonymousAuthenticationFilter@aad1270, org.springframework.security.web.session.SessionManagementFilter@451e8bd0, org.springframework.security.web.access.ExceptionTranslationFilter@6e44825e, org.springframework.security.web.access.intercept.FilterSecurityInterceptor@489ec791]
2023-04-02 13:44:04 - Mapped URL path [/v2/api-docs] onto method [springfox.documentation.swagger2.web.Swagger2Controller#getDocumentation(String, HttpServletRequest)]
2023-04-02 13:44:04 - Tomcat started on port(s): 8081 (http) with context path ''
2023-04-02 13:44:04 - Context refreshed
2023-04-02 13:44:04 - Found 1 custom documentation plugin(s)
2023-04-02 13:44:05 - Scanning for api listing references
2023-04-02 13:44:05 - Generating unique operation named: getBodyUsingGET_1
2023-04-02 13:44:05 - Generating unique operation named: getHeadOneUsingGET_1
2023-04-02 13:44:05 - Generating unique operation named: getHeadTwoUsingGET_1
2023-04-02 13:44:05 - Generating unique operation named: checkPhoneNumberUsingPOST_1
2023-04-02 13:44:05 - Generating unique operation named: editCityUsingPUT_1
2023-04-02 13:44:05 - Generating unique operation named: getCityListUsingGET_1
2023-04-02 13:44:05 - Generating unique operation named: checkPhoneNumberUsingPOST_2
2023-04-02 13:44:05 - Generating unique operation named: getAllUsingGET_1
2023-04-02 13:44:05 - Generating unique operation named: registerUsingPOST_1
2023-04-02 13:44:05 - Generating unique operation named: deleteByIdUsingDELETE_1
2023-04-02 13:44:05 - Generating unique operation named: deleteRegionByIdUsingDELETE_1
2023-04-02 13:44:05 - Generating unique operation named: deleteByIdUsingDELETE_2
2023-04-02 13:44:05 - Generating unique operation named: deleteByIdUsingDELETE_3
2023-04-02 13:44:05 - Started GullBozorApplication in 6.887 seconds (JVM running for 12.759)
2023-04-02 13:44:12 - Initializing Spring DispatcherServlet 'dispatcherServlet'
2023-04-02 14:01:34 - Closing JPA EntityManagerFactory for persistence unit 'default'
2023-04-02 14:01:34 - HikariPool-1 - Shutdown initiated...
2023-04-02 14:01:34 - HikariPool-1 - Shutdown completed.
2023-04-02 14:02:21 - Starting GullBozorApplication using Java 19.0.1 on MacBooks-MacBook-Pro.local with PID 5563 (/Users/macbookpro/Desktop/AIWORK11-master 2/target/classes started by macbookpro in /Users/macbookpro/Desktop/AIWORK11-master 2)
2023-04-02 14:02:21 - The following 1 profile is active: "dev"
2023-04-02 14:02:22 - Bootstrapping Spring Data JPA repositories in DEFAULT mode.
2023-04-02 14:02:22 - Finished Spring Data repository scanning in 83 ms. Found 28 JPA repository interfaces.
2023-04-02 14:02:23 - Tomcat initialized with port(s): 8081 (http)
2023-04-02 14:02:23 - Starting service [Tomcat]
2023-04-02 14:02:23 - Starting Servlet engine: [Apache Tomcat/9.0.62]
2023-04-02 14:02:23 - At least one JAR was scanned for TLDs yet contained no TLDs. Enable debug logging for this logger for a complete list of JARs that were scanned but no TLDs were found in them. Skipping unneeded JARs during scanning can improve startup time and JSP compilation time.
2023-04-02 14:02:23 - Initializing Spring embedded WebApplicationContext
2023-04-02 14:02:23 - Root WebApplicationContext: initialization completed in 1655 ms
2023-04-02 14:02:24 - HikariPool-1 - Starting...
2023-04-02 14:02:24 - HikariPool-1 - Start completed.
2023-04-02 14:02:25 - Initialized JPA EntityManagerFactory for persistence unit 'default'
2023-04-02 14:02:25 - spring.jpa.open-in-view is enabled by default. Therefore, database queries may be performed during view rendering. Explicitly configure spring.jpa.open-in-view to disable this warning
2023-04-02 14:02:25 - Unable to proxy interface-implementing method [public final void org.springframework.web.filter.OncePerRequestFilter.doFilter(javax.servlet.ServletRequest,javax.servlet.ServletResponse,javax.servlet.FilterChain) throws javax.servlet.ServletException,java.io.IOException] because it is marked as final: Consider using interface-based JDK proxies instead!
2023-04-02 14:02:25 - Unable to proxy interface-implementing method [public final void org.springframework.web.filter.GenericFilterBean.init(javax.servlet.FilterConfig) throws javax.servlet.ServletException] because it is marked as final: Consider using interface-based JDK proxies instead!
2023-04-02 14:02:27 - Will secure any request with [org.springframework.security.web.context.request.async.WebAsyncManagerIntegrationFilter@48446968, org.springframework.security.web.context.SecurityContextPersistenceFilter@17fd9fbb, org.springframework.security.web.header.HeaderWriterFilter@6f9c272b, org.springframework.security.web.authentication.logout.LogoutFilter@7e168d90, uz.gullbozor.gullbozor.security.JwtFilter@5c39da9e, org.springframework.security.web.savedrequest.RequestCacheAwareFilter@c04b755, org.springframework.security.web.servletapi.SecurityContextHolderAwareRequestFilter@5680228, org.springframework.security.web.authentication.AnonymousAuthenticationFilter@1e9d5d79, org.springframework.security.web.session.SessionManagementFilter@1a2d8488, org.springframework.security.web.access.ExceptionTranslationFilter@4d484961, org.springframework.security.web.access.intercept.FilterSecurityInterceptor@31e08c61]
2023-04-02 14:02:27 - Mapped URL path [/v2/api-docs] onto method [springfox.documentation.swagger2.web.Swagger2Controller#getDocumentation(String, HttpServletRequest)]
2023-04-02 14:02:27 - Tomcat started on port(s): 8081 (http) with context path ''
2023-04-02 14:02:27 - Context refreshed
2023-04-02 14:02:27 - Found 1 custom documentation plugin(s)
2023-04-02 14:02:27 - Scanning for api listing references
2023-04-02 14:02:27 - Generating unique operation named: getBodyUsingGET_1
2023-04-02 14:02:27 - Generating unique operation named: getHeadOneUsingGET_1
2023-04-02 14:02:27 - Generating unique operation named: getHeadTwoUsingGET_1
2023-04-02 14:02:27 - Generating unique operation named: checkPhoneNumberUsingPOST_1
2023-04-02 14:02:27 - Generating unique operation named: editCityUsingPUT_1
2023-04-02 14:02:27 - Generating unique operation named: getCityListUsingGET_1
2023-04-02 14:02:27 - Generating unique operation named: checkPhoneNumberUsingPOST_2
2023-04-02 14:02:27 - Generating unique operation named: getAllUsingGET_1
2023-04-02 14:02:27 - Generating unique operation named: registerUsingPOST_1
2023-04-02 14:02:27 - Generating unique operation named: deleteByIdUsingDELETE_1
2023-04-02 14:02:27 - Generating unique operation named: deleteRegionByIdUsingDELETE_1
2023-04-02 14:02:27 - Generating unique operation named: deleteByIdUsingDELETE_2
2023-04-02 14:02:27 - Generating unique operation named: deleteByIdUsingDELETE_3
2023-04-02 14:02:27 - Started GullBozorApplication in 6.369 seconds (JVM running for 12.021)
2023-04-02 14:02:43 - Initializing Spring DispatcherServlet 'dispatcherServlet'
2023-04-02 14:02:57 - Servlet.service() for servlet [dispatcherServlet] in context with path [] threw exception [Request processing failed; nested exception is java.lang.NullPointerException: Cannot invoke "java.lang.Double.doubleValue()" because the return value of "uz.gullbozor.gullbozor.entity.OrderBodyPvhWin.getPetlyaSum()" is null] with root cause
java.lang.NullPointerException: Cannot invoke "java.lang.Double.doubleValue()" because the return value of "uz.gullbozor.gullbozor.entity.OrderBodyPvhWin.getPetlyaSum()" is null
	at uz.gullbozor.gullbozor.service.OrderCalculateService.calculateOrder(OrderCalculateService.java:461)
	at uz.gullbozor.gullbozor.cotroller.OrderCalculate.getResultCalculate(OrderCalculate.java:31)
	at java.base/jdk.internal.reflect.DirectMethodHandleAccessor.invoke(DirectMethodHandleAccessor.java:104)
	at java.base/java.lang.reflect.Method.invoke(Method.java:578)
	at org.springframework.web.method.support.InvocableHandlerMethod.doInvoke(InvocableHandlerMethod.java:205)
	at org.springframework.web.method.support.InvocableHandlerMethod.invokeForRequest(InvocableHandlerMethod.java:150)
	at org.springframework.web.servlet.mvc.method.annotation.ServletInvocableHandlerMethod.invokeAndHandle(ServletInvocableHandlerMethod.java:117)
	at org.springframework.web.servlet.mvc.method.annotation.RequestMappingHandlerAdapter.invokeHandlerMethod(RequestMappingHandlerAdapter.java:895)
	at org.springframework.web.servlet.mvc.method.annotation.RequestMappingHandlerAdapter.handleInternal(RequestMappingHandlerAdapter.java:808)
	at org.springframework.web.servlet.mvc.method.AbstractHandlerMethodAdapter.handle(AbstractHandlerMethodAdapter.java:87)
	at org.springframework.web.servlet.DispatcherServlet.doDispatch(DispatcherServlet.java:1067)
	at org.springframework.web.servlet.DispatcherServlet.doService(DispatcherServlet.java:963)
	at org.springframework.web.servlet.FrameworkServlet.processRequest(FrameworkServlet.java:1006)
	at org.springframework.web.servlet.FrameworkServlet.doPost(FrameworkServlet.java:909)
	at javax.servlet.http.HttpServlet.service(HttpServlet.java:681)
	at org.springframework.web.servlet.FrameworkServlet.service(FrameworkServlet.java:883)
	at javax.servlet.http.HttpServlet.service(HttpServlet.java:764)
	at org.apache.catalina.core.ApplicationFilterChain.internalDoFilter(ApplicationFilterChain.java:227)
	at org.apache.catalina.core.ApplicationFilterChain.doFilter(ApplicationFilterChain.java:162)
	at org.apache.tomcat.websocket.server.WsFilter.doFilter(WsFilter.java:53)
	at org.apache.catalina.core.ApplicationFilterChain.internalDoFilter(ApplicationFilterChain.java:189)
	at org.apache.catalina.core.ApplicationFilterChain.doFilter(ApplicationFilterChain.java:162)
	at org.springframework.web.filter.OncePerRequestFilter.doFilter(OncePerRequestFilter.java:111)
	at org.apache.catalina.core.ApplicationFilterChain.internalDoFilter(ApplicationFilterChain.java:189)
	at org.apache.catalina.core.ApplicationFilterChain.doFilter(ApplicationFilterChain.java:162)
	at org.springframework.security.web.FilterChainProxy$VirtualFilterChain.doFilter(FilterChainProxy.java:327)
	at org.springframework.security.web.access.intercept.FilterSecurityInterceptor.invoke(FilterSecurityInterceptor.java:115)
	at org.springframework.security.web.access.intercept.FilterSecurityInterceptor.doFilter(FilterSecurityInterceptor.java:81)
	at org.springframework.security.web.FilterChainProxy$VirtualFilterChain.doFilter(FilterChainProxy.java:336)
	at org.springframework.security.web.access.ExceptionTranslationFilter.doFilter(ExceptionTranslationFilter.java:122)
	at org.springframework.security.web.access.ExceptionTranslationFilter.doFilter(ExceptionTranslationFilter.java:116)
	at org.springframework.security.web.FilterChainProxy$VirtualFilterChain.doFilter(FilterChainProxy.java:336)
	at org.springframework.security.web.session.SessionManagementFilter.doFilter(SessionManagementFilter.java:126)
	at org.springframework.security.web.session.SessionManagementFilter.doFilter(SessionManagementFilter.java:81)
	at org.springframework.security.web.FilterChainProxy$VirtualFilterChain.doFilter(FilterChainProxy.java:336)
	at org.springframework.security.web.authentication.AnonymousAuthenticationFilter.doFilter(AnonymousAuthenticationFilter.java:109)
	at org.springframework.security.web.FilterChainProxy$VirtualFilterChain.doFilter(FilterChainProxy.java:336)
	at org.springframework.security.web.servletapi.SecurityContextHolderAwareRequestFilter.doFilter(SecurityContextHolderAwareRequestFilter.java:149)
	at org.springframework.security.web.FilterChainProxy$VirtualFilterChain.doFilter(FilterChainProxy.java:336)
	at org.springframework.security.web.savedrequest.RequestCacheAwareFilter.doFilter(RequestCacheAwareFilter.java:63)
	at org.springframework.security.web.FilterChainProxy$VirtualFilterChain.doFilter(FilterChainProxy.java:336)
	at uz.gullbozor.gullbozor.security.JwtFilter.doFilterInternal(JwtFilter.java:46)
	at java.base/jdk.internal.reflect.DirectMethodHandleAccessor.invoke(DirectMethodHandleAccessor.java:104)
	at java.base/java.lang.reflect.Method.invoke(Method.java:578)
	at org.springframework.aop.support.AopUtils.invokeJoinpointUsingReflection(AopUtils.java:344)
	at org.springframework.aop.framework.ReflectiveMethodInvocation.invokeJoinpoint(ReflectiveMethodInvocation.java:198)
	at org.springframework.aop.framework.CglibAopProxy$CglibMethodInvocation.invokeJoinpoint(CglibAopProxy.java:799)
	at org.springframework.aop.framework.ReflectiveMethodInvocation.proceed(ReflectiveMethodInvocation.java:163)
	at org.springframework.aop.framework.CglibAopProxy$CglibMethodInvocation.proceed(CglibAopProxy.java:763)
	at org.springframework.aop.framework.CglibAopProxy$DynamicAdvisedInterceptor.intercept(CglibAopProxy.java:708)
	at uz.gullbozor.gullbozor.security.JwtFilter$$EnhancerBySpringCGLIB$$9170c6a7.doFilterInternal(<generated>)
	at org.springframework.web.filter.OncePerRequestFilter.doFilter(OncePerRequestFilter.java:117)
	at org.springframework.security.web.FilterChainProxy$VirtualFilterChain.doFilter(FilterChainProxy.java:336)
	at org.springframework.security.web.authentication.logout.LogoutFilter.doFilter(LogoutFilter.java:103)
	at org.springframework.security.web.authentication.logout.LogoutFilter.doFilter(LogoutFilter.java:89)
	at org.springframework.security.web.FilterChainProxy$VirtualFilterChain.doFilter(FilterChainProxy.java:336)
	at org.springframework.security.web.header.HeaderWriterFilter.doHeadersAfter(HeaderWriterFilter.java:90)
	at org.springframework.security.web.header.HeaderWriterFilter.doFilterInternal(HeaderWriterFilter.java:75)
	at org.springframework.web.filter.OncePerRequestFilter.doFilter(OncePerRequestFilter.java:117)
	at org.springframework.security.web.FilterChainProxy$VirtualFilterChain.doFilter(FilterChainProxy.java:336)
	at org.springframework.security.web.context.SecurityContextPersistenceFilter.doFilter(SecurityContextPersistenceFilter.java:110)
	at org.springframework.security.web.context.SecurityContextPersistenceFilter.doFilter(SecurityContextPersistenceFilter.java:80)
	at org.springframework.security.web.FilterChainProxy$VirtualFilterChain.doFilter(FilterChainProxy.java:336)
	at org.springframework.security.web.context.request.async.WebAsyncManagerIntegrationFilter.doFilterInternal(WebAsyncManagerIntegrationFilter.java:55)
	at org.springframework.web.filter.OncePerRequestFilter.doFilter(OncePerRequestFilter.java:117)
	at org.springframework.security.web.FilterChainProxy$VirtualFilterChain.doFilter(FilterChainProxy.java:336)
	at org.springframework.security.web.FilterChainProxy.doFilterInternal(FilterChainProxy.java:211)
	at org.springframework.security.web.FilterChainProxy.doFilter(FilterChainProxy.java:183)
	at org.springframework.web.filter.DelegatingFilterProxy.invokeDelegate(DelegatingFilterProxy.java:354)
	at org.springframework.web.filter.DelegatingFilterProxy.doFilter(DelegatingFilterProxy.java:267)
	at org.apache.catalina.core.ApplicationFilterChain.internalDoFilter(ApplicationFilterChain.java:189)
	at org.apache.catalina.core.ApplicationFilterChain.doFilter(ApplicationFilterChain.java:162)
	at org.springframework.web.filter.RequestContextFilter.doFilterInternal(RequestContextFilter.java:100)
	at org.springframework.web.filter.OncePerRequestFilter.doFilter(OncePerRequestFilter.java:117)
	at org.apache.catalina.core.ApplicationFilterChain.internalDoFilter(ApplicationFilterChain.java:189)
	at org.apache.catalina.core.ApplicationFilterChain.doFilter(ApplicationFilterChain.java:162)
	at org.springframework.web.filter.FormContentFilter.doFilterInternal(FormContentFilter.java:93)
	at org.springframework.web.filter.OncePerRequestFilter.doFilter(OncePerRequestFilter.java:117)
	at org.apache.catalina.core.ApplicationFilterChain.internalDoFilter(ApplicationFilterChain.java:189)
	at org.apache.catalina.core.ApplicationFilterChain.doFilter(ApplicationFilterChain.java:162)
	at org.springframework.web.filter.CharacterEncodingFilter.doFilterInternal(CharacterEncodingFilter.java:201)
	at org.springframework.web.filter.OncePerRequestFilter.doFilter(OncePerRequestFilter.java:117)
	at org.apache.catalina.core.ApplicationFilterChain.internalDoFilter(ApplicationFilterChain.java:189)
	at org.apache.catalina.core.ApplicationFilterChain.doFilter(ApplicationFilterChain.java:162)
	at org.apache.catalina.core.StandardWrapperValve.invoke(StandardWrapperValve.java:197)
	at org.apache.catalina.core.StandardContextValve.invoke(StandardContextValve.java:97)
	at org.apache.catalina.authenticator.AuthenticatorBase.invoke(AuthenticatorBase.java:541)
	at org.apache.catalina.core.StandardHostValve.invoke(StandardHostValve.java:135)
	at org.apache.catalina.valves.ErrorReportValve.invoke(ErrorReportValve.java:92)
	at org.apache.catalina.core.StandardEngineValve.invoke(StandardEngineValve.java:78)
	at org.apache.catalina.connector.CoyoteAdapter.service(CoyoteAdapter.java:360)
	at org.apache.coyote.http11.Http11Processor.service(Http11Processor.java:399)
	at org.apache.coyote.AbstractProcessorLight.process(AbstractProcessorLight.java:65)
	at org.apache.coyote.AbstractProtocol$ConnectionHandler.process(AbstractProtocol.java:890)
	at org.apache.tomcat.util.net.NioEndpoint$SocketProcessor.doRun(NioEndpoint.java:1743)
	at org.apache.tomcat.util.net.SocketProcessorBase.run(SocketProcessorBase.java:49)
	at org.apache.tomcat.util.threads.ThreadPoolExecutor.runWorker(ThreadPoolExecutor.java:1191)
	at org.apache.tomcat.util.threads.ThreadPoolExecutor$Worker.run(ThreadPoolExecutor.java:659)
	at org.apache.tomcat.util.threads.TaskThread$WrappingRunnable.run(TaskThread.java:61)
	at java.base/java.lang.Thread.run(Thread.java:1589)
2023-04-02 14:03:02 - Closing JPA EntityManagerFactory for persistence unit 'default'
2023-04-02 14:03:02 - HikariPool-1 - Shutdown initiated...
2023-04-02 14:03:02 - HikariPool-1 - Shutdown completed.
2023-04-02 14:03:16 - Starting GullBozorApplication using Java 19.0.1 on MacBooks-MacBook-Pro.local with PID 5598 (/Users/macbookpro/Desktop/AIWORK11-master 2/target/classes started by macbookpro in /Users/macbookpro/Desktop/AIWORK11-master 2)
2023-04-02 14:03:16 - The following 1 profile is active: "dev"
2023-04-02 14:03:17 - Bootstrapping Spring Data JPA repositories in DEFAULT mode.
2023-04-02 14:03:17 - Finished Spring Data repository scanning in 88 ms. Found 28 JPA repository interfaces.
2023-04-02 14:03:18 - Tomcat initialized with port(s): 8081 (http)
2023-04-02 14:03:18 - Starting service [Tomcat]
2023-04-02 14:03:18 - Starting Servlet engine: [Apache Tomcat/9.0.62]
2023-04-02 14:03:18 - At least one JAR was scanned for TLDs yet contained no TLDs. Enable debug logging for this logger for a complete list of JARs that were scanned but no TLDs were found in them. Skipping unneeded JARs during scanning can improve startup time and JSP compilation time.
2023-04-02 14:03:18 - Initializing Spring embedded WebApplicationContext
2023-04-02 14:03:18 - Root WebApplicationContext: initialization completed in 1627 ms
2023-04-02 14:03:18 - HikariPool-1 - Starting...
2023-04-02 14:03:18 - HikariPool-1 - Start completed.
2023-04-02 14:03:20 - Initialized JPA EntityManagerFactory for persistence unit 'default'
2023-04-02 14:03:20 - spring.jpa.open-in-view is enabled by default. Therefore, database queries may be performed during view rendering. Explicitly configure spring.jpa.open-in-view to disable this warning
2023-04-02 14:03:20 - Unable to proxy interface-implementing method [public final void org.springframework.web.filter.OncePerRequestFilter.doFilter(javax.servlet.ServletRequest,javax.servlet.ServletResponse,javax.servlet.FilterChain) throws javax.servlet.ServletException,java.io.IOException] because it is marked as final: Consider using interface-based JDK proxies instead!
2023-04-02 14:03:20 - Unable to proxy interface-implementing method [public final void org.springframework.web.filter.GenericFilterBean.init(javax.servlet.FilterConfig) throws javax.servlet.ServletException] because it is marked as final: Consider using interface-based JDK proxies instead!
2023-04-02 14:03:22 - Will secure any request with [org.springframework.security.web.context.request.async.WebAsyncManagerIntegrationFilter@5066a895, org.springframework.security.web.context.SecurityContextPersistenceFilter@58cd7486, org.springframework.security.web.header.HeaderWriterFilter@27131d01, org.springframework.security.web.authentication.logout.LogoutFilter@54a332e4, uz.gullbozor.gullbozor.security.JwtFilter@7c8537e9, org.springframework.security.web.savedrequest.RequestCacheAwareFilter@42f15e87, org.springframework.security.web.servletapi.SecurityContextHolderAwareRequestFilter@4b87ea3c, org.springframework.security.web.authentication.AnonymousAuthenticationFilter@50fbb66a, org.springframework.security.web.session.SessionManagementFilter@7a337217, org.springframework.security.web.access.ExceptionTranslationFilter@7fef485d, org.springframework.security.web.access.intercept.FilterSecurityInterceptor@6cad2d5f]
2023-04-02 14:03:22 - Mapped URL path [/v2/api-docs] onto method [springfox.documentation.swagger2.web.Swagger2Controller#getDocumentation(String, HttpServletRequest)]
2023-04-02 14:03:22 - Tomcat started on port(s): 8081 (http) with context path ''
2023-04-02 14:03:22 - Context refreshed
2023-04-02 14:03:22 - Found 1 custom documentation plugin(s)
2023-04-02 14:03:22 - Scanning for api listing references
2023-04-02 14:03:22 - Generating unique operation named: getBodyUsingGET_1
2023-04-02 14:03:22 - Generating unique operation named: getHeadOneUsingGET_1
2023-04-02 14:03:22 - Generating unique operation named: getHeadTwoUsingGET_1
2023-04-02 14:03:22 - Generating unique operation named: checkPhoneNumberUsingPOST_1
2023-04-02 14:03:22 - Generating unique operation named: editCityUsingPUT_1
2023-04-02 14:03:22 - Generating unique operation named: getCityListUsingGET_1
2023-04-02 14:03:22 - Generating unique operation named: checkPhoneNumberUsingPOST_2
2023-04-02 14:03:22 - Generating unique operation named: getAllUsingGET_1
2023-04-02 14:03:22 - Generating unique operation named: registerUsingPOST_1
2023-04-02 14:03:22 - Generating unique operation named: deleteByIdUsingDELETE_1
2023-04-02 14:03:22 - Generating unique operation named: deleteRegionByIdUsingDELETE_1
2023-04-02 14:03:22 - Generating unique operation named: deleteByIdUsingDELETE_2
2023-04-02 14:03:22 - Generating unique operation named: deleteByIdUsingDELETE_3
2023-04-02 14:03:22 - Started GullBozorApplication in 6.597 seconds (JVM running for 12.299)
2023-04-02 14:03:43 - Initializing Spring DispatcherServlet 'dispatcherServlet'
2023-04-02 14:03:45 - Servlet.service() for servlet [dispatcherServlet] in context with path [] threw exception [Request processing failed; nested exception is java.lang.NullPointerException: Cannot invoke "java.lang.Double.doubleValue()" because the return value of "uz.gullbozor.gullbozor.entity.OrderBodyPvhWin.getPetlyaSum()" is null] with root cause
java.lang.NullPointerException: Cannot invoke "java.lang.Double.doubleValue()" because the return value of "uz.gullbozor.gullbozor.entity.OrderBodyPvhWin.getPetlyaSum()" is null
	at uz.gullbozor.gullbozor.service.OrderCalculateService.calculateOrder(OrderCalculateService.java:461)
	at uz.gullbozor.gullbozor.cotroller.OrderCalculate.getResultCalculate(OrderCalculate.java:31)
	at java.base/jdk.internal.reflect.DirectMethodHandleAccessor.invoke(DirectMethodHandleAccessor.java:104)
	at java.base/java.lang.reflect.Method.invoke(Method.java:578)
	at org.springframework.web.method.support.InvocableHandlerMethod.doInvoke(InvocableHandlerMethod.java:205)
	at org.springframework.web.method.support.InvocableHandlerMethod.invokeForRequest(InvocableHandlerMethod.java:150)
	at org.springframework.web.servlet.mvc.method.annotation.ServletInvocableHandlerMethod.invokeAndHandle(ServletInvocableHandlerMethod.java:117)
	at org.springframework.web.servlet.mvc.method.annotation.RequestMappingHandlerAdapter.invokeHandlerMethod(RequestMappingHandlerAdapter.java:895)
	at org.springframework.web.servlet.mvc.method.annotation.RequestMappingHandlerAdapter.handleInternal(RequestMappingHandlerAdapter.java:808)
	at org.springframework.web.servlet.mvc.method.AbstractHandlerMethodAdapter.handle(AbstractHandlerMethodAdapter.java:87)
	at org.springframework.web.servlet.DispatcherServlet.doDispatch(DispatcherServlet.java:1067)
	at org.springframework.web.servlet.DispatcherServlet.doService(DispatcherServlet.java:963)
	at org.springframework.web.servlet.FrameworkServlet.processRequest(FrameworkServlet.java:1006)
	at org.springframework.web.servlet.FrameworkServlet.doPost(FrameworkServlet.java:909)
	at javax.servlet.http.HttpServlet.service(HttpServlet.java:681)
	at org.springframework.web.servlet.FrameworkServlet.service(FrameworkServlet.java:883)
	at javax.servlet.http.HttpServlet.service(HttpServlet.java:764)
	at org.apache.catalina.core.ApplicationFilterChain.internalDoFilter(ApplicationFilterChain.java:227)
	at org.apache.catalina.core.ApplicationFilterChain.doFilter(ApplicationFilterChain.java:162)
	at org.apache.tomcat.websocket.server.WsFilter.doFilter(WsFilter.java:53)
	at org.apache.catalina.core.ApplicationFilterChain.internalDoFilter(ApplicationFilterChain.java:189)
	at org.apache.catalina.core.ApplicationFilterChain.doFilter(ApplicationFilterChain.java:162)
	at org.springframework.web.filter.OncePerRequestFilter.doFilter(OncePerRequestFilter.java:111)
	at org.apache.catalina.core.ApplicationFilterChain.internalDoFilter(ApplicationFilterChain.java:189)
	at org.apache.catalina.core.ApplicationFilterChain.doFilter(ApplicationFilterChain.java:162)
	at org.springframework.security.web.FilterChainProxy$VirtualFilterChain.doFilter(FilterChainProxy.java:327)
	at org.springframework.security.web.access.intercept.FilterSecurityInterceptor.invoke(FilterSecurityInterceptor.java:115)
	at org.springframework.security.web.access.intercept.FilterSecurityInterceptor.doFilter(FilterSecurityInterceptor.java:81)
	at org.springframework.security.web.FilterChainProxy$VirtualFilterChain.doFilter(FilterChainProxy.java:336)
	at org.springframework.security.web.access.ExceptionTranslationFilter.doFilter(ExceptionTranslationFilter.java:122)
	at org.springframework.security.web.access.ExceptionTranslationFilter.doFilter(ExceptionTranslationFilter.java:116)
	at org.springframework.security.web.FilterChainProxy$VirtualFilterChain.doFilter(FilterChainProxy.java:336)
	at org.springframework.security.web.session.SessionManagementFilter.doFilter(SessionManagementFilter.java:126)
	at org.springframework.security.web.session.SessionManagementFilter.doFilter(SessionManagementFilter.java:81)
	at org.springframework.security.web.FilterChainProxy$VirtualFilterChain.doFilter(FilterChainProxy.java:336)
	at org.springframework.security.web.authentication.AnonymousAuthenticationFilter.doFilter(AnonymousAuthenticationFilter.java:109)
	at org.springframework.security.web.FilterChainProxy$VirtualFilterChain.doFilter(FilterChainProxy.java:336)
	at org.springframework.security.web.servletapi.SecurityContextHolderAwareRequestFilter.doFilter(SecurityContextHolderAwareRequestFilter.java:149)
	at org.springframework.security.web.FilterChainProxy$VirtualFilterChain.doFilter(FilterChainProxy.java:336)
	at org.springframework.security.web.savedrequest.RequestCacheAwareFilter.doFilter(RequestCacheAwareFilter.java:63)
	at org.springframework.security.web.FilterChainProxy$VirtualFilterChain.doFilter(FilterChainProxy.java:336)
	at uz.gullbozor.gullbozor.security.JwtFilter.doFilterInternal(JwtFilter.java:46)
	at java.base/jdk.internal.reflect.DirectMethodHandleAccessor.invoke(DirectMethodHandleAccessor.java:104)
	at java.base/java.lang.reflect.Method.invoke(Method.java:578)
	at org.springframework.aop.support.AopUtils.invokeJoinpointUsingReflection(AopUtils.java:344)
	at org.springframework.aop.framework.ReflectiveMethodInvocation.invokeJoinpoint(ReflectiveMethodInvocation.java:198)
	at org.springframework.aop.framework.CglibAopProxy$CglibMethodInvocation.invokeJoinpoint(CglibAopProxy.java:799)
	at org.springframework.aop.framework.ReflectiveMethodInvocation.proceed(ReflectiveMethodInvocation.java:163)
	at org.springframework.aop.framework.CglibAopProxy$CglibMethodInvocation.proceed(CglibAopProxy.java:763)
	at org.springframework.aop.framework.CglibAopProxy$DynamicAdvisedInterceptor.intercept(CglibAopProxy.java:708)
	at uz.gullbozor.gullbozor.security.JwtFilter$$EnhancerBySpringCGLIB$$9170c6a7.doFilterInternal(<generated>)
	at org.springframework.web.filter.OncePerRequestFilter.doFilter(OncePerRequestFilter.java:117)
	at org.springframework.security.web.FilterChainProxy$VirtualFilterChain.doFilter(FilterChainProxy.java:336)
	at org.springframework.security.web.authentication.logout.LogoutFilter.doFilter(LogoutFilter.java:103)
	at org.springframework.security.web.authentication.logout.LogoutFilter.doFilter(LogoutFilter.java:89)
	at org.springframework.security.web.FilterChainProxy$VirtualFilterChain.doFilter(FilterChainProxy.java:336)
	at org.springframework.security.web.header.HeaderWriterFilter.doHeadersAfter(HeaderWriterFilter.java:90)
	at org.springframework.security.web.header.HeaderWriterFilter.doFilterInternal(HeaderWriterFilter.java:75)
	at org.springframework.web.filter.OncePerRequestFilter.doFilter(OncePerRequestFilter.java:117)
	at org.springframework.security.web.FilterChainProxy$VirtualFilterChain.doFilter(FilterChainProxy.java:336)
	at org.springframework.security.web.context.SecurityContextPersistenceFilter.doFilter(SecurityContextPersistenceFilter.java:110)
	at org.springframework.security.web.context.SecurityContextPersistenceFilter.doFilter(SecurityContextPersistenceFilter.java:80)
	at org.springframework.security.web.FilterChainProxy$VirtualFilterChain.doFilter(FilterChainProxy.java:336)
	at org.springframework.security.web.context.request.async.WebAsyncManagerIntegrationFilter.doFilterInternal(WebAsyncManagerIntegrationFilter.java:55)
	at org.springframework.web.filter.OncePerRequestFilter.doFilter(OncePerRequestFilter.java:117)
	at org.springframework.security.web.FilterChainProxy$VirtualFilterChain.doFilter(FilterChainProxy.java:336)
	at org.springframework.security.web.FilterChainProxy.doFilterInternal(FilterChainProxy.java:211)
	at org.springframework.security.web.FilterChainProxy.doFilter(FilterChainProxy.java:183)
	at org.springframework.web.filter.DelegatingFilterProxy.invokeDelegate(DelegatingFilterProxy.java:354)
	at org.springframework.web.filter.DelegatingFilterProxy.doFilter(DelegatingFilterProxy.java:267)
	at org.apache.catalina.core.ApplicationFilterChain.internalDoFilter(ApplicationFilterChain.java:189)
	at org.apache.catalina.core.ApplicationFilterChain.doFilter(ApplicationFilterChain.java:162)
	at org.springframework.web.filter.RequestContextFilter.doFilterInternal(RequestContextFilter.java:100)
	at org.springframework.web.filter.OncePerRequestFilter.doFilter(OncePerRequestFilter.java:117)
	at org.apache.catalina.core.ApplicationFilterChain.internalDoFilter(ApplicationFilterChain.java:189)
	at org.apache.catalina.core.ApplicationFilterChain.doFilter(ApplicationFilterChain.java:162)
	at org.springframework.web.filter.FormContentFilter.doFilterInternal(FormContentFilter.java:93)
	at org.springframework.web.filter.OncePerRequestFilter.doFilter(OncePerRequestFilter.java:117)
	at org.apache.catalina.core.ApplicationFilterChain.internalDoFilter(ApplicationFilterChain.java:189)
	at org.apache.catalina.core.ApplicationFilterChain.doFilter(ApplicationFilterChain.java:162)
	at org.springframework.web.filter.CharacterEncodingFilter.doFilterInternal(CharacterEncodingFilter.java:201)
	at org.springframework.web.filter.OncePerRequestFilter.doFilter(OncePerRequestFilter.java:117)
	at org.apache.catalina.core.ApplicationFilterChain.internalDoFilter(ApplicationFilterChain.java:189)
	at org.apache.catalina.core.ApplicationFilterChain.doFilter(ApplicationFilterChain.java:162)
	at org.apache.catalina.core.StandardWrapperValve.invoke(StandardWrapperValve.java:197)
	at org.apache.catalina.core.StandardContextValve.invoke(StandardContextValve.java:97)
	at org.apache.catalina.authenticator.AuthenticatorBase.invoke(AuthenticatorBase.java:541)
	at org.apache.catalina.core.StandardHostValve.invoke(StandardHostValve.java:135)
	at org.apache.catalina.valves.ErrorReportValve.invoke(ErrorReportValve.java:92)
	at org.apache.catalina.core.StandardEngineValve.invoke(StandardEngineValve.java:78)
	at org.apache.catalina.connector.CoyoteAdapter.service(CoyoteAdapter.java:360)
	at org.apache.coyote.http11.Http11Processor.service(Http11Processor.java:399)
	at org.apache.coyote.AbstractProcessorLight.process(AbstractProcessorLight.java:65)
	at org.apache.coyote.AbstractProtocol$ConnectionHandler.process(AbstractProtocol.java:890)
	at org.apache.tomcat.util.net.NioEndpoint$SocketProcessor.doRun(NioEndpoint.java:1743)
	at org.apache.tomcat.util.net.SocketProcessorBase.run(SocketProcessorBase.java:49)
	at org.apache.tomcat.util.threads.ThreadPoolExecutor.runWorker(ThreadPoolExecutor.java:1191)
	at org.apache.tomcat.util.threads.ThreadPoolExecutor$Worker.run(ThreadPoolExecutor.java:659)
	at org.apache.tomcat.util.threads.TaskThread$WrappingRunnable.run(TaskThread.java:61)
	at java.base/java.lang.Thread.run(Thread.java:1589)
2023-04-02 14:04:28 - Closing JPA EntityManagerFactory for persistence unit 'default'
2023-04-02 14:04:28 - HikariPool-1 - Shutdown initiated...
2023-04-02 14:04:28 - HikariPool-1 - Shutdown completed.
2023-04-02 14:52:04 - Starting GullBozorApplication using Java 19.0.1 on MacBooks-MacBook-Pro.local with PID 5897 (/Users/macbookpro/Desktop/AIWORK11-master 2/target/classes started by macbookpro in /Users/macbookpro/Desktop/AIWORK11-master 2)
2023-04-02 14:52:04 - The following 1 profile is active: "dev"
2023-04-02 14:52:05 - Bootstrapping Spring Data JPA repositories in DEFAULT mode.
2023-04-02 14:52:05 - Finished Spring Data repository scanning in 94 ms. Found 28 JPA repository interfaces.
2023-04-02 14:52:06 - Tomcat initialized with port(s): 8081 (http)
2023-04-02 14:52:06 - Starting service [Tomcat]
2023-04-02 14:52:06 - Starting Servlet engine: [Apache Tomcat/9.0.62]
2023-04-02 14:52:06 - At least one JAR was scanned for TLDs yet contained no TLDs. Enable debug logging for this logger for a complete list of JARs that were scanned but no TLDs were found in them. Skipping unneeded JARs during scanning can improve startup time and JSP compilation time.
2023-04-02 14:52:06 - Initializing Spring embedded WebApplicationContext
2023-04-02 14:52:06 - Root WebApplicationContext: initialization completed in 1849 ms
2023-04-02 14:52:07 - HikariPool-1 - Starting...
2023-04-02 14:52:07 - HikariPool-1 - Start completed.
2023-04-02 14:52:08 - Initialized JPA EntityManagerFactory for persistence unit 'default'
2023-04-02 14:52:09 - spring.jpa.open-in-view is enabled by default. Therefore, database queries may be performed during view rendering. Explicitly configure spring.jpa.open-in-view to disable this warning
2023-04-02 14:52:09 - Unable to proxy interface-implementing method [public final void org.springframework.web.filter.OncePerRequestFilter.doFilter(javax.servlet.ServletRequest,javax.servlet.ServletResponse,javax.servlet.FilterChain) throws javax.servlet.ServletException,java.io.IOException] because it is marked as final: Consider using interface-based JDK proxies instead!
2023-04-02 14:52:09 - Unable to proxy interface-implementing method [public final void org.springframework.web.filter.GenericFilterBean.init(javax.servlet.FilterConfig) throws javax.servlet.ServletException] because it is marked as final: Consider using interface-based JDK proxies instead!
2023-04-02 14:52:10 - Will secure any request with [org.springframework.security.web.context.request.async.WebAsyncManagerIntegrationFilter@4c627575, org.springframework.security.web.context.SecurityContextPersistenceFilter@5fe1b8d2, org.springframework.security.web.header.HeaderWriterFilter@1160c54b, org.springframework.security.web.authentication.logout.LogoutFilter@1d7135c, uz.gullbozor.gullbozor.security.JwtFilter@ac71bd7, org.springframework.security.web.savedrequest.RequestCacheAwareFilter@1af6cd73, org.springframework.security.web.servletapi.SecurityContextHolderAwareRequestFilter@2f4a89fa, org.springframework.security.web.authentication.AnonymousAuthenticationFilter@3d805670, org.springframework.security.web.session.SessionManagementFilter@106a6420, org.springframework.security.web.access.ExceptionTranslationFilter@312af870, org.springframework.security.web.access.intercept.FilterSecurityInterceptor@559d9517]
2023-04-02 14:52:10 - Mapped URL path [/v2/api-docs] onto method [springfox.documentation.swagger2.web.Swagger2Controller#getDocumentation(String, HttpServletRequest)]
2023-04-02 14:52:11 - Tomcat started on port(s): 8081 (http) with context path ''
2023-04-02 14:52:11 - Context refreshed
2023-04-02 14:52:11 - Found 1 custom documentation plugin(s)
2023-04-02 14:52:11 - Scanning for api listing references
2023-04-02 14:52:11 - Generating unique operation named: getBodyUsingGET_1
2023-04-02 14:52:11 - Generating unique operation named: getHeadOneUsingGET_1
2023-04-02 14:52:11 - Generating unique operation named: getHeadTwoUsingGET_1
2023-04-02 14:52:11 - Generating unique operation named: checkPhoneNumberUsingPOST_1
2023-04-02 14:52:11 - Generating unique operation named: editCityUsingPUT_1
2023-04-02 14:52:11 - Generating unique operation named: getCityListUsingGET_1
2023-04-02 14:52:11 - Generating unique operation named: checkPhoneNumberUsingPOST_2
2023-04-02 14:52:11 - Generating unique operation named: getAllUsingGET_1
2023-04-02 14:52:11 - Generating unique operation named: registerUsingPOST_1
2023-04-02 14:52:11 - Generating unique operation named: deleteByIdUsingDELETE_1
2023-04-02 14:52:11 - Generating unique operation named: deleteRegionByIdUsingDELETE_1
2023-04-02 14:52:11 - Generating unique operation named: deleteByIdUsingDELETE_2
2023-04-02 14:52:11 - Generating unique operation named: deleteByIdUsingDELETE_3
2023-04-02 14:52:11 - Started GullBozorApplication in 7.06 seconds (JVM running for 13.187)
2023-04-02 14:52:27 - Initializing Spring DispatcherServlet 'dispatcherServlet'
2023-04-02 15:17:25 - HikariPool-1 - Thread starvation or clock leap detected (housekeeper delta=2m47s841ms).
2023-04-02 16:07:23 - HikariPool-1 - Thread starvation or clock leap detected (housekeeper delta=30m27s312ms).
2023-04-02 16:29:53 - HikariPool-1 - Thread starvation or clock leap detected (housekeeper delta=22m30s772ms).
2023-04-02 16:33:08 - Closing JPA EntityManagerFactory for persistence unit 'default'
2023-04-02 16:33:08 - HikariPool-1 - Shutdown initiated...
2023-04-02 16:33:08 - HikariPool-1 - Shutdown completed.
